# JRE version: Java(TM) SE Runtime Environment (8.0_45-b14) (build 1.8.0_45-b14)
# Java VM: Java HotSpot(TM) 64-Bit Server VM (25.45-b02 mixed mode bsd-amd64 compressed oops)
# JRE version: Java(TM) SE Runtime Environment (8.0_45-b14) (build 1.8.0_45-b14)
# Java VM: Java HotSpot(TM) 64-Bit Server VM (25.45-b02 mixed mode bsd-amd64 compressed oops)
Heap:
 PSYoungGen      total 272384K, used 31139K [0x0000000795580000, 0x00000007b0d80000, 0x00000007c0000000)
  eden space 92160K, 23% used [0x0000000795580000,0x0000000796a7feb0,0x000000079af80000)
  from space 180224K, 5% used [0x000000079af80000,0x000000079b8e8eb0,0x00000007a5f80000)
  to   space 173056K, 0% used [0x00000007a6480000,0x00000007a6480000,0x00000007b0d80000)
 ParOldGen       total 404480K, used 227220K [0x0000000740000000, 0x0000000758b00000, 0x0000000795580000)
  object space 404480K, 56% used [0x0000000740000000,0x000000074dde52b8,0x0000000758b00000)
 Metaspace       used 15604K, capacity 15868K, committed 16000K, reserved 1062912K
  class space    used 1759K, capacity 1856K, committed 1920K, reserved 1048576K
GC Heap History (10 events):
Event: 895.765 GC heap before
{Heap before GC invocations=333 (full 48):
 PSYoungGen      total 262144K, used 69632K [0x0000000795580000, 0x00000007b1480000, 0x00000007c0000000)
  eden space 69632K, 100% used [0x0000000795580000,0x0000000799980000,0x0000000799980000)
  from space 192512K, 0% used [0x00000007a5880000,0x00000007a5880000,0x00000007b1480000)
  to   space 194048K, 0% used [0x0000000799980000,0x0000000799980000,0x00000007a5700000)
 ParOldGen       total 404480K, used 116032K [0x0000000740000000, 0x0000000758b00000, 0x0000000795580000)
  object space 404480K, 28% used [0x0000000740000000,0x0000000747150030,0x0000000758b00000)
 Metaspace       used 15601K, capacity 15868K, committed 16000K, reserved 1062912K
  class space    used 1759K, capacity 1856K, committed 1920K, reserved 1048576K
Event: 895.766 GC heap after
Heap after GC invocations=333 (full 48):
 PSYoungGen      total 263680K, used 735K [0x0000000795580000, 0x00000007b1700000, 0x00000007c0000000)
  eden space 69632K, 0% used [0x0000000795580000,0x0000000795580000,0x0000000799980000)
  from space 194048K, 0% used [0x0000000799980000,0x0000000799a37fb8,0x00000007a5700000)
  to   space 189440K, 0% used [0x00000007a5e00000,0x00000007a5e00000,0x00000007b1700000)
 ParOldGen       total 404480K, used 116032K [0x0000000740000000, 0x0000000758b00000, 0x0000000795580000)
  object space 404480K, 28% used [0x0000000740000000,0x0000000747150030,0x0000000758b00000)
 Metaspace       used 15601K, capacity 15868K, committed 16000K, reserved 1062912K
  class space    used 1759K, capacity 1856K, committed 1920K, reserved 1048576K
}
Event: 896.261 GC heap before
{Heap before GC invocations=334 (full 48):
 PSYoungGen      total 263680K, used 70367K [0x0000000795580000, 0x00000007b1700000, 0x00000007c0000000)
  eden space 69632K, 100% used [0x0000000795580000,0x0000000799980000,0x0000000799980000)
  from space 194048K, 0% used [0x0000000799980000,0x0000000799a37fb8,0x00000007a5700000)
  to   space 189440K, 0% used [0x00000007a5e00000,0x00000007a5e00000,0x00000007b1700000)
 ParOldGen       total 404480K, used 116058K [0x0000000740000000, 0x0000000758b00000, 0x0000000795580000)
  object space 404480K, 28% used [0x0000000740000000,0x00000007471568a0,0x0000000758b00000)
 Metaspace       used 15601K, capacity 15868K, committed 16000K, reserved 1062912K
  class space    used 1759K, capacity 1856K, committed 1920K, reserved 1048576K
Event: 896.263 GC heap after
Heap after GC invocations=334 (full 48):
 PSYoungGen      total 258560K, used 288K [0x0000000795580000, 0x00000007b0b80000, 0x00000007c0000000)
  eden space 80896K, 0% used [0x0000000795580000,0x0000000795580000,0x000000079a480000)
  from space 177664K, 0% used [0x00000007a5e00000,0x00000007a5e48000,0x00000007b0b80000)
  to   space 183808K, 0% used [0x000000079a480000,0x000000079a480000,0x00000007a5800000)
 ParOldGen       total 404480K, used 116602K [0x0000000740000000, 0x0000000758b00000, 0x0000000795580000)
  object space 404480K, 28% used [0x0000000740000000,0x00000007471de8e8,0x0000000758b00000)
 Metaspace       used 15601K, capacity 15868K, committed 16000K, reserved 1062912K
  class space    used 1759K, capacity 1856K, committed 1920K, reserved 1048576K
}
Event: 901.029 GC heap before
{Heap before GC invocations=335 (full 48):
 PSYoungGen      total 258560K, used 78074K [0x0000000795580000, 0x00000007b0b80000, 0x00000007c0000000)
  eden space 80896K, 96% used [0x0000000795580000,0x000000079a176a58,0x000000079a480000)
  from space 177664K, 0% used [0x00000007a5e00000,0x00000007a5e48000,0x00000007b0b80000)
  to   space 183808K, 0% used [0x000000079a480000,0x000000079a480000,0x00000007a5800000)
 ParOldGen       total 404480K, used 116602K [0x0000000740000000, 0x0000000758b00000, 0x0000000795580000)
  object space 404480K, 28% used [0x0000000740000000,0x00000007471de8e8,0x0000000758b00000)
 Metaspace       used 15601K, capacity 15868K, committed 16000K, reserved 1062912K
  class space    used 1759K, capacity 1856K, committed 1920K, reserved 1048576K
Event: 901.052 GC heap after
Heap after GC invocations=335 (full 48):
 PSYoungGen      total 264704K, used 96156K [0x0000000795580000, 0x00000007b2100000, 0x00000007c0000000)
  eden space 80896K, 0% used [0x0000000795580000,0x0000000795580000,0x000000079a480000)
  from space 183808K, 52% used [0x000000079a480000,0x00000007a02670b0,0x00000007a5800000)
  to   space 188928K, 0% used [0x00000007a6880000,0x00000007a6880000,0x00000007b2100000)
 ParOldGen       total 404480K, used 116682K [0x0000000740000000, 0x0000000758b00000, 0x0000000795580000)
  object space 404480K, 28% used [0x0000000740000000,0x00000007471f28e8,0x0000000758b00000)
 Metaspace       used 15601K, capacity 15868K, committed 16000K, reserved 1062912K
  class space    used 1759K, capacity 1856K, committed 1920K, reserved 1048576K
}
Event: 904.026 GC heap before
{Heap before GC invocations=336 (full 48):
 PSYoungGen      total 264704K, used 177052K [0x0000000795580000, 0x00000007b2100000, 0x00000007c0000000)
  eden space 80896K, 100% used [0x0000000795580000,0x000000079a480000,0x000000079a480000)
  from space 183808K, 52% used [0x000000079a480000,0x00000007a02670b0,0x00000007a5800000)
  to   space 188928K, 0% used [0x00000007a6880000,0x00000007a6880000,0x00000007b2100000)
 ParOldGen       total 404480K, used 116686K [0x0000000740000000, 0x0000000758b00000, 0x0000000795580000)
  object space 404480K, 28% used [0x0000000740000000,0x00000007471f38f8,0x0000000758b00000)
 Metaspace       used 15601K, capacity 15868K, committed 16000K, reserved 1062912K
  class space    used 1759K, capacity 1856K, committed 1920K, reserved 1048576K
Event: 904.042 GC heap after
Heap after GC invocations=336 (full 48):
 PSYoungGen      total 263168K, used 21527K [0x0000000795580000, 0x00000007b0f80000, 0x00000007c0000000)
  eden space 92160K, 0% used [0x0000000795580000,0x0000000795580000,0x000000079af80000)
  from space 171008K, 12% used [0x00000007a6880000,0x00000007a7d85c60,0x00000007b0f80000)
  to   space 180224K, 0% used [0x000000079af80000,0x000000079af80000,0x00000007a5f80000)
 ParOldGen       total 404480K, used 196774K [0x0000000740000000, 0x0000000758b00000, 0x0000000795580000)
  object space 404480K, 48% used [0x0000000740000000,0x000000074c029978,0x0000000758b00000)
 Metaspace       used 15601K, capacity 15868K, committed 16000K, reserved 1062912K
  class space    used 1759K, capacity 1856K, committed 1920K, reserved 1048576K
}
Event: 904.980 GC heap before
{Heap before GC invocations=337 (full 48):
 PSYoungGen      total 263168K, used 113687K [0x0000000795580000, 0x00000007b0f80000, 0x00000007c0000000)
  eden space 92160K, 100% used [0x0000000795580000,0x000000079af80000,0x000000079af80000)
  from space 171008K, 12% used [0x00000007a6880000,0x00000007a7d85c60,0x00000007b0f80000)
  to   space 180224K, 0% used [0x000000079af80000,0x000000079af80000,0x00000007a5f80000)
 ParOldGen       total 404480K, used 196796K [0x0000000740000000, 0x0000000758b00000, 0x0000000795580000)
  object space 404480K, 48% used [0x0000000740000000,0x000000074c02f288,0x0000000758b00000)
 Metaspace       used 15601K, capacity 15868K, committed 16000K, reserved 1062912K
  class space    used 1759K, capacity 1856K, committed 1920K, reserved 1048576K
Event: 904.989 GC heap after
Heap after GC invocations=337 (full 48):
 PSYoungGen      total 272384K, used 9635K [0x0000000795580000, 0x00000007b0d80000, 0x00000007c0000000)
  eden space 92160K, 0% used [0x0000000795580000,0x0000000795580000,0x000000079af80000)
  from space 180224K, 5% used [0x000000079af80000,0x000000079b8e8eb0,0x00000007a5f80000)
  to   space 173056K, 0% used [0x00000007a6480000,0x00000007a6480000,0x00000007b0d80000)
 ParOldGen       total 404480K, used 227220K [0x0000000740000000, 0x0000000758b00000, 0x0000000795580000)
  object space 404480K, 56% used [0x0000000740000000,0x000000074dde52b8,0x0000000758b00000)
 Metaspace       used 15601K, capacity 15868K, committed 16000K, reserved 1062912K
  class space    used 1759K, capacity 1856K, committed 1920K, reserved 1048576K
}

